[2015-12-02 15:42:43,854 - 4448   - MainThread - INFO    ]	{
    "table": "actor_sex", 
    "db": "yiqiding_ktv", 
    "err": "More than a field", 
    "field": "id"
}
[2015-12-02 15:42:43,854 - 4448   - MainThread - INFO    ]	{
    "table": "actor_sex", 
    "db": "yiqiding_ktv", 
    "err": "More than a field", 
    "field": "name"
}
[2015-12-02 15:42:43,854 - 4448   - MainThread - INFO    ]	{
    "table": "actor_sex", 
    "db": "yiqiding_ktv", 
    "err": "More than a field", 
    "field": "detail"
}
[2015-12-02 15:42:44,001 - 4448   - MainThread - INFO    ]	{
    "table": "box_status", 
    "db": "yiqiding_info", 
    "err": " Missing field ", 
    "field": "keep"
}
[2015-12-02 15:42:44,909 - 4448   - MainThread - INFO    ]	{
    "table": "v_totalbill", 
    "db": "yqcchaindb", 
    "err": " Missing field ", 
    "field": "TotalBill_Comments"
}
[2015-12-02 15:42:44,917 - 4448   - MainThread - INFO    ]	{
    "db": "yqcdb", 
    "err": " Missing db "
}
